PHP Warning:  PHP Startup: Unable to load dynamic library 'fileinfo' (tried: /usr/local/lsws/lsphp83/lib/php/20230831/fileinfo (/usr/local/lsws/lsphp83/lib/php/20230831/fileinfo: cannot open shared object file: No such file or directory), /usr/local/lsws/lsphp83/lib/php/20230831/fileinfo.so (/usr/local/lsws/lsphp83/lib/php/20230831/fileinfo.so: cannot open shared object file: No such file or directory)) in Unknown on line 0
PHP Warning:  PHP Startup: Unable to load dynamic library 'gettext' (tried: /usr/local/lsws/lsphp83/lib/php/20230831/gettext (/usr/local/lsws/lsphp83/lib/php/20230831/gettext: cannot open shared object file: No such file or directory), /usr/local/lsws/lsphp83/lib/php/20230831/gettext.so (/usr/local/lsws/lsphp83/lib/php/20230831/gettext.so: cannot open shared object file: No such file or directory)) in Unknown on line 0
PHP Warning:  PHP Startup: Unable to load dynamic library 'mbstring' (tried: /usr/local/lsws/lsphp83/lib/php/20230831/mbstring (/usr/local/lsws/lsphp83/lib/php/20230831/mbstring: cannot open shared object file: No such file or directory), /usr/local/lsws/lsphp83/lib/php/20230831/mbstring.so (/usr/local/lsws/lsphp83/lib/php/20230831/mbstring.so: cannot open shared object file: No such file or directory)) in Unknown on line 0
PHP Warning:  PHP Startup: Unable to load dynamic library 'exif' (tried: /usr/local/lsws/lsphp83/lib/php/20230831/exif (/usr/local/lsws/lsphp83/lib/php/20230831/exif: cannot open shared object file: No such file or directory), /usr/local/lsws/lsphp83/lib/php/20230831/exif.so (/usr/local/lsws/lsphp83/lib/php/20230831/exif.so: cannot open shared object file: No such file or directory)) in Unknown on line 0
PHP Warning:  PHP Startup: Unable to load dynamic library 'openssl' (tried: /usr/local/lsws/lsphp83/lib/php/20230831/openssl (/usr/local/lsws/lsphp83/lib/php/20230831/openssl: cannot open shared object file: No such file or directory), /usr/local/lsws/lsphp83/lib/php/20230831/openssl.so (/usr/local/lsws/lsphp83/lib/php/20230831/openssl.so: cannot open shared object file: No such file or directory)) in Unknown on line 0
PHP Warning:  Module "curl" is already loaded in Unknown on line 0
PHP Warning:  Module "mysqli" is already loaded in Unknown on line 0
PHP Warning:  Module "pdo_mysql" is already loaded in Unknown on line 0
PHP Warning:  Module "pdo_sqlite" is already loaded in Unknown on line 0
[2026-04-26 06:00:01] [AUTO_RENOVAR] Iniciando processo de renovação automática
[2026-04-26 06:00:01] [AUTO_RENOVAR] 1 tenant(s) ativo(s)
[2026-04-26 06:00:01] [AUTO_RENOVAR] Conta BUTOBARCELOS: nenhum produto para renovar
[2026-04-26 06:00:01] [AUTO_RENOVAR] SKIP conta LOJA_ML_DEMO: token inválido
[2026-04-26 06:00:01] [AUTO_RENOVAR] Concluído — renovados: 0, erros: 0, pulados: 0
PHP Warning:  PHP Startup: Unable to load dynamic library 'fileinfo' (tried: /usr/local/lsws/lsphp83/lib/php/20230831/fileinfo (/usr/local/lsws/lsphp83/lib/php/20230831/fileinfo: cannot open shared object file: No such file or directory), /usr/local/lsws/lsphp83/lib/php/20230831/fileinfo.so (/usr/local/lsws/lsphp83/lib/php/20230831/fileinfo.so: cannot open shared object file: No such file or directory)) in Unknown on line 0
PHP Warning:  PHP Startup: Unable to load dynamic library 'gettext' (tried: /usr/local/lsws/lsphp83/lib/php/20230831/gettext (/usr/local/lsws/lsphp83/lib/php/20230831/gettext: cannot open shared object file: No such file or directory), /usr/local/lsws/lsphp83/lib/php/20230831/gettext.so (/usr/local/lsws/lsphp83/lib/php/20230831/gettext.so: cannot open shared object file: No such file or directory)) in Unknown on line 0
PHP Warning:  PHP Startup: Unable to load dynamic library 'mbstring' (tried: /usr/local/lsws/lsphp83/lib/php/20230831/mbstring (/usr/local/lsws/lsphp83/lib/php/20230831/mbstring: cannot open shared object file: No such file or directory), /usr/local/lsws/lsphp83/lib/php/20230831/mbstring.so (/usr/local/lsws/lsphp83/lib/php/20230831/mbstring.so: cannot open shared object file: No such file or directory)) in Unknown on line 0
PHP Warning:  PHP Startup: Unable to load dynamic library 'exif' (tried: /usr/local/lsws/lsphp83/lib/php/20230831/exif (/usr/local/lsws/lsphp83/lib/php/20230831/exif: cannot open shared object file: No such file or directory), /usr/local/lsws/lsphp83/lib/php/20230831/exif.so (/usr/local/lsws/lsphp83/lib/php/20230831/exif.so: cannot open shared object file: No such file or directory)) in Unknown on line 0
PHP Warning:  PHP Startup: Unable to load dynamic library 'openssl' (tried: /usr/local/lsws/lsphp83/lib/php/20230831/openssl (/usr/local/lsws/lsphp83/lib/php/20230831/openssl: cannot open shared object file: No such file or directory), /usr/local/lsws/lsphp83/lib/php/20230831/openssl.so (/usr/local/lsws/lsphp83/lib/php/20230831/openssl.so: cannot open shared object file: No such file or directory)) in Unknown on line 0
PHP Warning:  Module "curl" is already loaded in Unknown on line 0
PHP Warning:  Module "mysqli" is already loaded in Unknown on line 0
PHP Warning:  Module "pdo_mysql" is already loaded in Unknown on line 0
PHP Warning:  Module "pdo_sqlite" is already loaded in Unknown on line 0
[2026-04-27 06:00:02] [AUTO_RENOVAR] Iniciando processo de renovação automática
[2026-04-27 06:00:02] [AUTO_RENOVAR] 1 tenant(s) ativo(s)
[2026-04-27 06:00:02] [AUTO_RENOVAR] Conta BUTOBARCELOS: nenhum produto para renovar
[2026-04-27 06:00:02] [AUTO_RENOVAR] SKIP conta LOJA_ML_DEMO: token inválido
[2026-04-27 06:00:02] [AUTO_RENOVAR] Concluído — renovados: 0, erros: 0, pulados: 0
PHP Warning:  PHP Startup: Unable to load dynamic library 'fileinfo' (tried: /usr/local/lsws/lsphp83/lib/php/20230831/fileinfo (/usr/local/lsws/lsphp83/lib/php/20230831/fileinfo: cannot open shared object file: No such file or directory), /usr/local/lsws/lsphp83/lib/php/20230831/fileinfo.so (/usr/local/lsws/lsphp83/lib/php/20230831/fileinfo.so: cannot open shared object file: No such file or directory)) in Unknown on line 0
PHP Warning:  PHP Startup: Unable to load dynamic library 'gettext' (tried: /usr/local/lsws/lsphp83/lib/php/20230831/gettext (/usr/local/lsws/lsphp83/lib/php/20230831/gettext: cannot open shared object file: No such file or directory), /usr/local/lsws/lsphp83/lib/php/20230831/gettext.so (/usr/local/lsws/lsphp83/lib/php/20230831/gettext.so: cannot open shared object file: No such file or directory)) in Unknown on line 0
PHP Warning:  PHP Startup: Unable to load dynamic library 'mbstring' (tried: /usr/local/lsws/lsphp83/lib/php/20230831/mbstring (/usr/local/lsws/lsphp83/lib/php/20230831/mbstring: cannot open shared object file: No such file or directory), /usr/local/lsws/lsphp83/lib/php/20230831/mbstring.so (/usr/local/lsws/lsphp83/lib/php/20230831/mbstring.so: cannot open shared object file: No such file or directory)) in Unknown on line 0
PHP Warning:  PHP Startup: Unable to load dynamic library 'exif' (tried: /usr/local/lsws/lsphp83/lib/php/20230831/exif (/usr/local/lsws/lsphp83/lib/php/20230831/exif: cannot open shared object file: No such file or directory), /usr/local/lsws/lsphp83/lib/php/20230831/exif.so (/usr/local/lsws/lsphp83/lib/php/20230831/exif.so: cannot open shared object file: No such file or directory)) in Unknown on line 0
PHP Warning:  PHP Startup: Unable to load dynamic library 'openssl' (tried: /usr/local/lsws/lsphp83/lib/php/20230831/openssl (/usr/local/lsws/lsphp83/lib/php/20230831/openssl: cannot open shared object file: No such file or directory), /usr/local/lsws/lsphp83/lib/php/20230831/openssl.so (/usr/local/lsws/lsphp83/lib/php/20230831/openssl.so: cannot open shared object file: No such file or directory)) in Unknown on line 0
PHP Warning:  Module "curl" is already loaded in Unknown on line 0
PHP Warning:  Module "mysqli" is already loaded in Unknown on line 0
PHP Warning:  Module "pdo_mysql" is already loaded in Unknown on line 0
PHP Warning:  Module "pdo_sqlite" is already loaded in Unknown on line 0
[2026-04-28 03:00:01] [AUTO_RENOVAR] Iniciando processo de renovação automática
[2026-04-28 03:00:02] [AUTO_RENOVAR] 1 tenant(s) ativo(s)
[2026-04-28 03:00:02] [AUTO_RENOVAR] Conta BUTOBARCELOS: nenhum produto para renovar
[2026-04-28 03:00:02] [AUTO_RENOVAR] SKIP conta LOJA_ML_DEMO: token inválido
[2026-04-28 03:00:02] [AUTO_RENOVAR] Concluído — renovados: 0, erros: 0, pulados: 0
